<?xml version="1.0" encoding="UTF-8"?>
<!-- Generated by org.testng.reporters.JUnitReportReporter -->
<testsuite hostname="SHRAVAN" failures="0" tests="1" name="Flipcart.TestScenario" time="0.561" errors="0" timestamp="2023-08-01T17:30:08 IST" skipped="0">
  <testcase classname="Flipcart.TestScenario" name="Perform" time="0.561"/>
  <system-out/>
</testsuite> <!-- Flipcart.TestScenario -->
