<?xml version="1.0" encoding="UTF-8"?>
<!-- Generated by org.testng.reporters.JUnitReportReporter -->
<testsuite hostname="SHRAVAN" failures="0" tests="1" name="com.proName.registrationtests.RegistrationTest" time="3.978" errors="0" timestamp="2023-08-02T16:18:40 IST" skipped="0">
  <testcase classname="com.proName.registrationtests.RegistrationTest" name="checkReg" time="3.978"/>
  <system-out/>
</testsuite> <!-- com.proName.registrationtests.RegistrationTest -->
